This is pdfTeX, Version 3.14159265-2.6-1.40.16 (TeX Live 2015/Debian) (preloaded format=pdflatex 2016.2.6)  24 FEB 2016 18:20
entering extended mode
 \write18 enabled.
 file:line:error style messages enabled.
 %&-line parsing enabled.
**main.tex
(./main.tex
LaTeX2e <2015/01/01>
Babel <3.9l> and hyphenation patterns for 79 languages loaded.
(/usr/share/texlive/texmf-dist/tex/latex/base/article.cls
Document Class: article 2014/09/29 v1.4h Standard LaTeX document class
(/usr/share/texlive/texmf-dist/tex/latex/base/size11.clo
File: size11.clo 2014/09/29 v1.4h Standard LaTeX file (size option)
)
\c@part=\count79
\c@section=\count80
\c@subsection=\count81
\c@subsubsection=\count82
\c@paragraph=\count83
\c@subparagraph=\count84
\c@figure=\count85
\c@table=\count86
\abovecaptionskip=\skip41
\belowcaptionskip=\skip42
\bibindent=\dimen102
)
(/usr/share/texlive/texmf-dist/tex/latex/comment/comment.sty
\CommentStream=\write3

Excluding comment 'comment')
(/usr/share/texlive/texmf-dist/tex/latex/preprint/fullpage.sty
Package: fullpage 1999/02/23 1.1 (PWD)
\FP@margin=\skip43
)
(/usr/share/texlive/texmf-dist/tex/latex/fancyhdr/fancyhdr.sty
\fancy@headwidth=\skip44
\f@ncyO@elh=\skip45
\f@ncyO@erh=\skip46
\f@ncyO@olh=\skip47
\f@ncyO@orh=\skip48
\f@ncyO@elf=\skip49
\f@ncyO@erf=\skip50
\f@ncyO@olf=\skip51
\f@ncyO@orf=\skip52
)
(/usr/share/texlive/texmf-dist/tex/latex/isodate/isodate.sty
Package: isodate 2010/01/03 v2.30 Print dates with different formats (HH)

(/usr/share/texlive/texmf-dist/tex/latex/base/ifthen.sty
Package: ifthen 2014/09/29 v1.1c Standard LaTeX ifthen package (DPC)
)
(/usr/share/texlive/texmf-dist/tex/latex/substr/substr.sty
Package: substr 2009/10/20 v1.2 Handle substrings
\c@su@anzahl=\count87
)
(/usr/share/texlive/texmf-dist/tex/latex/isodate/english.idf
File: english.idf 2010/01/03 v2.30 Language definitions for isodate package (HH
)

Define commands for English date format
)
\c@iso@tmpmonth=\count88
\c@iso@yeartwo=\count89
\c@iso@slash=\count90
\c@iso@minus=\count91
\c@iso@dot=\count92
\c@iso@@slash=\count93
\c@iso@@minus=\count94
\c@iso@@dot=\count95
) (/usr/share/texlive/texmf-dist/tex/latex/float/float.sty
Package: float 2001/11/08 v1.3d Float enhancements (AL)
\c@float@type=\count96
\float@exts=\toks14
\float@box=\box26
\@float@everytoks=\toks15
\@floatcapt=\box27
)
(/usr/share/texlive/texmf-dist/tex/latex/changepage/changepage.sty
Package: changepage 2009/10/20 v1.0c check page and change page layout
\c@cp@cntr=\count97
\cp@tempcnt=\count98
)
(/usr/share/texlive/texmf-dist/tex/latex/graphics/graphicx.sty
Package: graphicx 2014/10/28 v1.0g Enhanced LaTeX Graphics (DPC,SPQR)

(/usr/share/texlive/texmf-dist/tex/latex/graphics/keyval.sty
Package: keyval 2014/10/28 v1.15 key=value parser (DPC)
\KV@toks@=\toks16
)
(/usr/share/texlive/texmf-dist/tex/latex/graphics/graphics.sty
Package: graphics 2014/10/28 v1.0p Standard LaTeX Graphics (DPC,SPQR)

(/usr/share/texlive/texmf-dist/tex/latex/graphics/trig.sty
Package: trig 1999/03/16 v1.09 sin cos tan (DPC)
)
(/usr/share/texlive/texmf-dist/tex/latex/latexconfig/graphics.cfg
File: graphics.cfg 2010/04/23 v1.9 graphics configuration of TeX Live
)
Package graphics Info: Driver file: pdftex.def on input line 94.

(/usr/share/texlive/texmf-dist/tex/latex/pdftex-def/pdftex.def
File: pdftex.def 2011/05/27 v0.06d Graphics/color for pdfTeX

(/usr/share/texlive/texmf-dist/tex/generic/oberdiek/infwarerr.sty
Package: infwarerr 2010/04/08 v1.3 Providing info/warning/error messages (HO)
)
(/usr/share/texlive/texmf-dist/tex/generic/oberdiek/ltxcmds.sty
Package: ltxcmds 2011/11/09 v1.22 LaTeX kernel commands for general use (HO)
)
\Gread@gobject=\count99
))
\Gin@req@height=\dimen103
\Gin@req@width=\dimen104
)
(/usr/share/texlive/texmf-dist/tex/latex/caption/caption.sty
Package: caption 2013/05/02 v3.3-89 Customizing captions (AR)

(/usr/share/texlive/texmf-dist/tex/latex/caption/caption3.sty
Package: caption3 2013/05/02 v1.6-88 caption3 kernel (AR)
Package caption3 Info: TeX engine: e-TeX on input line 57.
\captionmargin=\dimen105
\captionmargin@=\dimen106
\captionwidth=\dimen107
\caption@tempdima=\dimen108
\caption@indent=\dimen109
\caption@parindent=\dimen110
\caption@hangindent=\dimen111
)
\c@ContinuedFloat=\count100
Package caption Info: float package is loaded.
)
(/usr/share/texlive/texmf-dist/tex/latex/caption/subcaption.sty
Package: subcaption 2013/02/03 v1.1-62 Sub-captions (AR)
\c@subfigure=\count101
\c@subtable=\count102
)
(/usr/share/texlive/texmf-dist/tex/latex/hyperref/hyperref.sty
Package: hyperref 2012/11/06 v6.83m Hypertext links for LaTeX

(/usr/share/texlive/texmf-dist/tex/generic/oberdiek/hobsub-hyperref.sty
Package: hobsub-hyperref 2012/05/28 v1.13 Bundle oberdiek, subset hyperref (HO)


(/usr/share/texlive/texmf-dist/tex/generic/oberdiek/hobsub-generic.sty
Package: hobsub-generic 2012/05/28 v1.13 Bundle oberdiek, subset generic (HO)
Package: hobsub 2012/05/28 v1.13 Construct package bundles (HO)
Package hobsub Info: Skipping package `infwarerr' (already loaded).
Package hobsub Info: Skipping package `ltxcmds' (already loaded).
Package: ifluatex 2010/03/01 v1.3 Provides the ifluatex switch (HO)
Package ifluatex Info: LuaTeX not detected.
Package: ifvtex 2010/03/01 v1.5 Detect VTeX and its facilities (HO)
Package ifvtex Info: VTeX not detected.
Package: intcalc 2007/09/27 v1.1 Expandable calculations with integers (HO)
Package: ifpdf 2011/01/30 v2.3 Provides the ifpdf switch (HO)
Package ifpdf Info: pdfTeX in PDF mode is detected.
Package: etexcmds 2011/02/16 v1.5 Avoid name clashes with e-TeX commands (HO)
Package etexcmds Info: Could not find \expanded.
(etexcmds)             That can mean that you are not using pdfTeX 1.50 or
(etexcmds)             that some package has redefined \expanded.
(etexcmds)             In the latter case, load this package earlier.
Package: kvsetkeys 2012/04/25 v1.16 Key value parser (HO)
Package: kvdefinekeys 2011/04/07 v1.3 Define keys (HO)
Package: pdftexcmds 2011/11/29 v0.20 Utility functions of pdfTeX for LuaTeX (HO
)
Package pdftexcmds Info: LuaTeX not detected.
Package pdftexcmds Info: \pdf@primitive is available.
Package pdftexcmds Info: \pdf@ifprimitive is available.
Package pdftexcmds Info: \pdfdraftmode found.
Package: pdfescape 2011/11/25 v1.13 Implements pdfTeX's escape features (HO)
Package: bigintcalc 2012/04/08 v1.3 Expandable calculations on big integers (HO
)
Package: bitset 2011/01/30 v1.1 Handle bit-vector datatype (HO)
Package: uniquecounter 2011/01/30 v1.2 Provide unlimited unique counter (HO)
)
Package hobsub Info: Skipping package `hobsub' (already loaded).
Package: letltxmacro 2010/09/02 v1.4 Let assignment for LaTeX macros (HO)
Package: hopatch 2012/05/28 v1.2 Wrapper for package hooks (HO)
Package: xcolor-patch 2011/01/30 xcolor patch
Package: atveryend 2011/06/30 v1.8 Hooks at the very end of document (HO)
Package atveryend Info: \enddocument detected (standard20110627).
Package: atbegshi 2011/10/05 v1.16 At begin shipout hook (HO)
Package: refcount 2011/10/16 v3.4 Data extraction from label references (HO)
Package: hycolor 2011/01/30 v1.7 Color options for hyperref/bookmark (HO)
)
(/usr/share/texlive/texmf-dist/tex/generic/ifxetex/ifxetex.sty
Package: ifxetex 2010/09/12 v0.6 Provides ifxetex conditional
)
(/usr/share/texlive/texmf-dist/tex/latex/oberdiek/auxhook.sty
Package: auxhook 2011/03/04 v1.3 Hooks for auxiliary files (HO)
)
(/usr/share/texlive/texmf-dist/tex/latex/oberdiek/kvoptions.sty
Package: kvoptions 2011/06/30 v3.11 Key value format for package options (HO)
)
\@linkdim=\dimen112
\Hy@linkcounter=\count103
\Hy@pagecounter=\count104

(/usr/share/texlive/texmf-dist/tex/latex/hyperref/pd1enc.def
File: pd1enc.def 2012/11/06 v6.83m Hyperref: PDFDocEncoding definition (HO)
)
\Hy@SavedSpaceFactor=\count105

(/usr/share/texlive/texmf-dist/tex/latex/latexconfig/hyperref.cfg
File: hyperref.cfg 2002/06/06 v1.2 hyperref configuration of TeXLive
)
Package hyperref Info: Hyper figures OFF on input line 4443.
Package hyperref Info: Link nesting OFF on input line 4448.
Package hyperref Info: Hyper index ON on input line 4451.
Package hyperref Info: Plain pages OFF on input line 4458.
Package hyperref Info: Backreferencing OFF on input line 4463.
Package hyperref Info: Implicit mode ON; LaTeX internals redefined.
Package hyperref Info: Bookmarks ON on input line 4688.
\c@Hy@tempcnt=\count106

(/usr/share/texlive/texmf-dist/tex/latex/url/url.sty
\Urlmuskip=\muskip10
Package: url 2013/09/16  ver 3.4  Verb mode for urls, etc.
)
LaTeX Info: Redefining \url on input line 5041.
\XeTeXLinkMargin=\dimen113
\Fld@menulength=\count107
\Field@Width=\dimen114
\Fld@charsize=\dimen115
Package hyperref Info: Hyper figures OFF on input line 6295.
Package hyperref Info: Link nesting OFF on input line 6300.
Package hyperref Info: Hyper index ON on input line 6303.
Package hyperref Info: backreferencing OFF on input line 6310.
Package hyperref Info: Link coloring OFF on input line 6315.
Package hyperref Info: Link coloring with OCG OFF on input line 6320.
Package hyperref Info: PDF/A mode OFF on input line 6325.
LaTeX Info: Redefining \ref on input line 6365.
LaTeX Info: Redefining \pageref on input line 6369.
\Hy@abspage=\count108
\c@Item=\count109
\c@Hfootnote=\count110
)

Package hyperref Message: Driver (autodetected): hpdftex.

(/usr/share/texlive/texmf-dist/tex/latex/hyperref/hpdftex.def
File: hpdftex.def 2012/11/06 v6.83m Hyperref driver for pdfTeX
\Fld@listcount=\count111
\c@bookmark@seq@number=\count112

(/usr/share/texlive/texmf-dist/tex/latex/oberdiek/rerunfilecheck.sty
Package: rerunfilecheck 2011/04/15 v1.7 Rerun checks for auxiliary files (HO)
Package uniquecounter Info: New unique counter `rerunfilecheck' on input line 2
82.
)
\Hy@SectionHShift=\skip53
)
(/usr/share/texlive/texmf-dist/tex/latex/tools/multicol.sty
Package: multicol 2015/03/31 v1.8m multicolumn formatting (FMi)
\c@tracingmulticols=\count113
\mult@box=\box28
\multicol@leftmargin=\dimen116
\c@unbalance=\count114
\c@collectmore=\count115
\doublecol@number=\count116
\multicoltolerance=\count117
\multicolpretolerance=\count118
\full@width=\dimen117
\page@free=\dimen118
\premulticols=\dimen119
\postmulticols=\dimen120
\multicolsep=\skip54
\multicolbaselineskip=\skip55
\partial@page=\box29
\last@line=\box30
\maxbalancingoverflow=\dimen121
\mult@rightbox=\box31
\mult@grightbox=\box32
\mult@gfirstbox=\box33
\mult@firstbox=\box34
\@tempa=\box35
\@tempa=\box36
\@tempa=\box37
\@tempa=\box38
\@tempa=\box39
\@tempa=\box40
\@tempa=\box41
\@tempa=\box42
\@tempa=\box43
\@tempa=\box44
\@tempa=\box45
\@tempa=\box46
\@tempa=\box47
\@tempa=\box48
\@tempa=\box49
\@tempa=\box50
\@tempa=\box51
\c@columnbadness=\count119
\c@finalcolumnbadness=\count120
\last@try=\dimen122
\multicolovershoot=\dimen123
\multicolundershoot=\dimen124
\mult@nat@firstbox=\box52
\colbreak@box=\box53
\mc@col@check@num=\count121
) (./main.aux)
\openout1 = `main.aux'.

LaTeX Font Info:    Checking defaults for OML/cmm/m/it on input line 27.
LaTeX Font Info:    ... okay on input line 27.
LaTeX Font Info:    Checking defaults for T1/cmr/m/n on input line 27.
LaTeX Font Info:    ... okay on input line 27.
LaTeX Font Info:    Checking defaults for OT1/cmr/m/n on input line 27.
LaTeX Font Info:    ... okay on input line 27.
LaTeX Font Info:    Checking defaults for OMS/cmsy/m/n on input line 27.
LaTeX Font Info:    ... okay on input line 27.
LaTeX Font Info:    Checking defaults for OMX/cmex/m/n on input line 27.
LaTeX Font Info:    ... okay on input line 27.
LaTeX Font Info:    Checking defaults for U/cmr/m/n on input line 27.
LaTeX Font Info:    ... okay on input line 27.
LaTeX Font Info:    Checking defaults for PD1/pdf/m/n on input line 27.
LaTeX Font Info:    ... okay on input line 27.

isodate: babel.sty, (n)german.sty have not been loaded
(/usr/share/texlive/texmf-dist/tex/context/base/supp-pdf.mkii
[Loading MPS to PDF converter (version 2006.09.02).]
\scratchcounter=\count122
\scratchdimen=\dimen125
\scratchbox=\box54
\nofMPsegments=\count123
\nofMParguments=\count124
\everyMPshowfont=\toks17
\MPscratchCnt=\count125
\MPscratchDim=\dimen126
\MPnumerator=\count126
\makeMPintoPDFobject=\count127
\everyMPtoPDFconversion=\toks18
) (/usr/share/texlive/texmf-dist/tex/latex/oberdiek/epstopdf-base.sty
Package: epstopdf-base 2010/02/09 v2.5 Base part for package epstopdf

(/usr/share/texlive/texmf-dist/tex/latex/oberdiek/grfext.sty
Package: grfext 2010/08/19 v1.1 Manage graphics extensions (HO)
)
Package grfext Info: Graphics extension search list:
(grfext)             [.png,.pdf,.jpg,.mps,.jpeg,.jbig2,.jb2,.PNG,.PDF,.JPG,.JPE
G,.JBIG2,.JB2,.eps]
(grfext)             \AppendGraphicsExtensions on input line 452.

(/usr/share/texlive/texmf-dist/tex/latex/latexconfig/epstopdf-sys.cfg
File: epstopdf-sys.cfg 2010/07/13 v1.3 Configuration of (r)epstopdf for TeX Liv
e
))
Package caption Info: Begin \AtBeginDocument code.
Package caption Info: hyperref package is loaded.
Package caption Info: End \AtBeginDocument code.
\AtBeginShipoutBox=\box55
Package hyperref Info: Link coloring OFF on input line 27.

(/usr/share/texlive/texmf-dist/tex/latex/hyperref/nameref.sty
Package: nameref 2012/10/27 v2.43 Cross-referencing by name of section

(/usr/share/texlive/texmf-dist/tex/generic/oberdiek/gettitlestring.sty
Package: gettitlestring 2010/12/03 v1.4 Cleanup title references (HO)
)
\c@section@level=\count128
)
LaTeX Info: Redefining \ref on input line 27.
LaTeX Info: Redefining \pageref on input line 27.
LaTeX Info: Redefining \nameref on input line 27.

(./main.out) (./main.out)
\@outlinefile=\write4
\openout4 = `main.out'.

LaTeX Font Info:    External font `cmex10' loaded for size
(Font)              <12> on input line 30.
LaTeX Font Info:    External font `cmex10' loaded for size
(Font)              <8> on input line 30.
LaTeX Font Info:    External font `cmex10' loaded for size
(Font)              <6> on input line 30.

Underfull \hbox (badness 10000) in paragraph at lines 58--59

 []


Underfull \hbox (badness 10000) in paragraph at lines 60--61

 []


Underfull \hbox (badness 10000) in paragraph at lines 62--63

 []

[1

{/var/lib/texmf/fonts/map/pdftex/updmap/pdftex.map}]
<onych.jpg, id=60, 977.6525pt x 322.20375pt>
File: onych.jpg Graphic file (type jpg)
 <use onych.jpg>
Package pdftex.def Info: onych.jpg used on input line 88.
(pdftex.def)             Requested size: 375.80544pt x 123.85461pt.
LaTeX Font Info:    External font `cmex10' loaded for size
(Font)              <7> on input line 89.
LaTeX Font Info:    External font `cmex10' loaded for size
(Font)              <5> on input line 89.
 [2]
<fang.jpg, id=75, 770.88pt x 1027.84pt>
File: fang.jpg Graphic file (type jpg)
 <use fang.jpg>
Package pdftex.def Info: fang.jpg used on input line 116.
(pdftex.def)             Requested size: 117.43875pt x 156.58461pt.
LaTeX Font Info:    External font `cmex10' loaded for size
(Font)              <10.95> on input line 119.

<spider.jpg, id=78, 2041.6275pt x 1088.065pt>
File: spider.jpg Graphic file (type jpg)
 <use spider.jpg>
Package pdftex.def Info: spider.jpg used on input line 123.
(pdftex.def)             Requested size: 305.33789pt x 162.72124pt.
 [3 <./onych.jpg>] <mite1.jpg, id=89, 731.73375pt x 520.94624pt>
File: mite1.jpg Graphic file (type jpg)
 <use mite1.jpg>
Package pdftex.def Info: mite1.jpg used on input line 144.
(pdftex.def)             Requested size: 234.8775pt x 167.21494pt.

<mite2.jpg, id=92, 652.4375pt x 587.19376pt>
File: mite2.jpg Graphic file (type jpg)
 <use mite2.jpg>
Package pdftex.def Info: mite2.jpg used on input line 151.
(pdftex.def)             Requested size: 187.89914pt x 169.10808pt.
 [4 <./fang.jpg> <./spider.jpg>]
LaTeX Font Info:    Try loading font information for OML+cmr on input line 162.

 (/usr/share/texlive/texmf-dist/tex/latex/base/omlcmr.fd
File: omlcmr.fd 2014/09/29 v2.5h Standard LaTeX font definitions
)
LaTeX Font Info:    Font shape `OML/cmr/m/n' in size <10.95> not available
(Font)              Font shape `OML/cmm/m/it' tried instead on input line 162.

<opiliones1.jpg, id=104, 1913.1475pt x 836.12375pt>
File: opiliones1.jpg Graphic file (type jpg)
 <use opiliones1.jpg>
Package pdftex.def Info: opiliones1.jpg used on input line 168.
(pdftex.def)             Requested size: 328.82707pt x 143.7084pt.

<opiliones2.jpg, id=107, 1019.81pt x 491.8375pt>
File: opiliones2.jpg Graphic file (type jpg)
 <use opiliones2.jpg>
Package pdftex.def Info: opiliones2.jpg used on input line 175.
(pdftex.def)             Requested size: 328.82707pt x 158.58447pt.
 [5 <./mite1.jpg> <./mite2.jpg> <./opiliones1.jpg>]
<scorpion.jpg, id=120, 887.315pt x 486.81876pt>
File: scorpion.jpg Graphic file (type jpg)
 <use scorpion.jpg>
Package pdftex.def Info: scorpion.jpg used on input line 193.
(pdftex.def)             Requested size: 328.82707pt x 180.40239pt.
 [6 <./opiliones2.jpg> <./scorpion.jpg>] <pseudo.jpg, id=130, 617.30624pt x 394
.47375pt>
File: pseudo.jpg Graphic file (type jpg)

<use pseudo.jpg>
Package pdftex.def Info: pseudo.jpg used on input line 210.
(pdftex.def)             Requested size: 328.82707pt x 210.13548pt.
 [7 <./pseudo.jpg>]
<diplop1.jpg, id=142, 1864.9675pt x 877.2775pt>
File: diplop1.jpg Graphic file (type jpg)
 <use diplop1.jpg>
Package pdftex.def Info: diplop1.jpg used on input line 236.
(pdftex.def)             Requested size: 164.41711pt x 77.33183pt.

<diplop2.jpg, id=145, 973.6375pt x 542.025pt>
File: diplop2.jpg Graphic file (type jpg)
 <use diplop2.jpg>
Package pdftex.def Info: diplop2.jpg used on input line 243.
(pdftex.def)             Requested size: 258.36668pt x 143.83443pt.
 [8 <./diplop1.jpg> <./diplop2.jpg>] <chilo1.jpg, id=160, 1578.89874pt x 620.31
75pt>
File: chilo1.jpg Graphic file (type jpg)

<use chilo1.jpg>
Package pdftex.def Info: chilo1.jpg used on input line 260.
(pdftex.def)             Requested size: 328.82707pt x 129.182pt.
 <chilo2.jpg, id=163, 1199.48125pt x 699.61375pt>
File: chilo2.jpg Graphic file (type jpg)

<use chilo2.jpg>
Package pdftex.def Info: chilo2.jpg used on input line 267.
(pdftex.def)             Requested size: 328.82707pt x 191.79123pt.
 [9 <./chilo1.jpg> <./chilo2.jpg>]
<isopod.jpg, id=175, 977.6525pt x 581.17125pt>
File: isopod.jpg Graphic file (type jpg)
 <use isopod.jpg>
Package pdftex.def Info: isopod.jpg used on input line 291.
(pdftex.def)             Requested size: 258.36668pt x 153.58398pt.

<isopod2.jpg, id=178, 648.4225pt x 588.1975pt>
File: isopod2.jpg Graphic file (type jpg)
 <use isopod2.jpg>
Package pdftex.def Info: isopod2.jpg used on input line 298.
(pdftex.def)             Requested size: 164.41711pt x 149.1492pt.

<amphip.jpg, id=182, 903.375pt x 569.12625pt>
File: amphip.jpg Graphic file (type jpg)
 <use amphip.jpg>
Package pdftex.def Info: amphip.jpg used on input line 314.
(pdftex.def)             Requested size: 305.33789pt x 192.36273pt.
 [10 <./isopod.jpg> <./isopod2.jpg>] <solfugida.jpg, id=194, 672.5125pt x 355.3
275pt>
File: solfugida.jpg Graphic file (type jpg)

<use solfugida.jpg>
Package pdftex.def Info: solfugida.jpg used on input line 333.
(pdftex.def)             Requested size: 281.85587pt x 148.92206pt.
 [11 <./amphip.jpg>]
<decapod.jpg, id=203, 289.08pt x 216.81pt>
File: decapod.jpg Graphic file (type jpg)
 <use decapod.jpg>
Package pdftex.def Info: decapod.jpg used on input line 347.
(pdftex.def)             Requested size: 281.85587pt x 211.40378pt.
 [12 <./solfugida.jpg> <./decapod.jpg>] <thelyphonida.jpg, id=213, 841.1425pt x
 375.4025pt>
File: thelyphonida.jpg Graphic file (type jpg)

<use thelyphonida.jpg>
Package pdftex.def Info: thelyphonida.jpg used on input line 361.
(pdftex.def)             Requested size: 281.85587pt x 125.79068pt.
 <ambly1.jpg, id=216, 743.77875pt x 511.9125pt>
File: ambly1.jpg Graphic file (type jpg)

<use ambly1.jpg>
Package pdftex.def Info: ambly1.jpg used on input line 375.
(pdftex.def)             Requested size: 281.85587pt x 193.9898pt.
 <xipho.jpg, id=219, 2055.68pt x 1367.1075pt>
File: xipho.jpg Graphic file (type jpg)
 <use xipho.jpg>
Package pdftex.def Info: xipho.jpg used on input line 389.
(pdftex.def)             Requested size: 281.85587pt x 187.43027pt.

[13 <./thelyphonida.jpg>] [14 <./ambly1.jpg> <./xipho.jpg>]
<copepod.jpg, id=239, 1566.85374pt x 1033.8625pt>
File: copepod.jpg Graphic file (type jpg)
 <use copepod.jpg>
Package pdftex.def Info: copepod.jpg used on input line 403.
(pdftex.def)             Requested size: 281.85587pt x 185.97679pt.

<Symphyla.jpg, id=242, 939.51pt x 372.39125pt>
File: Symphyla.jpg Graphic file (type jpg)
 <use Symphyla.jpg>
Package pdftex.def Info: Symphyla.jpg used on input line 418.
(pdftex.def)             Requested size: 281.85587pt x 111.71823pt.
 [15 <./copepod.jpg>]
Package atveryend Info: Empty hook `BeforeClearDocument' on input line 429.
 [16 <./Symphyla.jpg>]
Package atveryend Info: Empty hook `AfterLastShipout' on input line 429.
 (./main.aux)
Package atveryend Info: Executing hook `AtVeryEndDocument' on input line 429.
Package atveryend Info: Executing hook `AtEndAfterFileList' on input line 429.
Package rerunfilecheck Info: File `main.out' has not changed.
(rerunfilecheck)             Checksum: 7970231760B49E79A1DD29723162D5F6;441.
Package atveryend Info: Empty hook `AtVeryVeryEnd' on input line 429.
 ) 
Here is how much of TeX's memory you used:
 7070 strings out of 493085
 107712 string characters out of 6136918
 201672 words of memory out of 5000000
 10382 multiletter control sequences out of 15000+600000
 9633 words of font info for 34 fonts, out of 8000000 for 9000
 1141 hyphenation exceptions out of 8191
 36i,10n,43p,654b,606s stack positions out of 5000i,500n,10000p,200000b,80000s
</usr/share/texlive/texmf-dist/fonts/type1/public/amsfonts/cm/cmbx10.pfb></us
r/share/texlive/texmf-dist/fonts/type1/public/amsfonts/cm/cmbx12.pfb></usr/shar
e/texlive/texmf-dist/fonts/type1/public/amsfonts/cm/cmmi10.pfb></usr/share/texl
ive/texmf-dist/fonts/type1/public/amsfonts/cm/cmr10.pfb></usr/share/texlive/tex
mf-dist/fonts/type1/public/amsfonts/cm/cmr12.pfb></usr/share/texlive/texmf-dist
/fonts/type1/public/amsfonts/cm/cmr17.pfb></usr/share/texlive/texmf-dist/fonts/
type1/public/amsfonts/cm/cmti10.pfb></usr/share/texlive/texmf-dist/fonts/type1/
public/amsfonts/cm/cmtt10.pfb>
Output written on main.pdf (16 pages, 6669276 bytes).
PDF statistics:
 308 PDF objects out of 1000 (max. 8388607)
 233 compressed objects within 3 object streams
 84 named destinations out of 1000 (max. 500000)
 172 words of extra memory for PDF output out of 10000 (max. 10000000)

